{
  "RSpec": {
    "coverage": {
      "/Users/michaelkuhlmeier/turing_work/3mod/projects/market_money/config/environment.rb": {
        "lines": [
          null,
          1,
          null,
          null,
          1
        ]
      },
      "/Users/michaelkuhlmeier/turing_work/3mod/projects/market_money/config/application.rb": {
        "lines": [
          1,
          null,
          1,
          null,
          1,
          1,
          1,
          1,
          1,
          1,
          1,
          1,
          1,
          1,
          null,
          null,
          null,
          null,
          1,
          null,
          1,
          1,
          null,
          1,
          null,
          null,
          null,
          null,
          1,
          null,
          null,
          null,
          null,
          null,
          null,
          null,
          null,
          null,
          null,
          null,
          null,
          1,
          null,
          null
        ]
      },
      "/Users/michaelkuhlmeier/turing_work/3mod/projects/market_money/config/boot.rb": {
        "lines": [
          1,
          null,
          1,
          1
        ]
      },
      "/Users/michaelkuhlmeier/turing_work/3mod/projects/market_money/config/environments/test.rb": {
        "lines": [
          1,
          null,
          null,
          null,
          null,
          null,
          null,
          1,
          null,
          null,
          null,
          1,
          null,
          null,
          null,
          null,
          null,
          1,
          null,
          null,
          1,
          1,
          null,
          null,
          null,
          null,
          1,
          1,
          1,
          null,
          null,
          1,
          null,
          null,
          1,
          null,
          null,
          1,
          null,
          1,
          null,
          null,
          null,
          null,
          1,
          null,
          null,
          1,
          null,
          null,
          1,
          null,
          null,
          1,
          null,
          null,
          null,
          null,
          null,
          null,
          null,
          null,
          1,
          null
        ]
      },
      "/Users/michaelkuhlmeier/turing_work/3mod/projects/market_money/config/initializers/cors.rb": {
        "lines": [
          null,
          null,
          null,
          null,
          null,
          null,
          null,
          null,
          null,
          null,
          null,
          null,
          null,
          null,
          null,
          null
        ]
      },
      "/Users/michaelkuhlmeier/turing_work/3mod/projects/market_money/config/initializers/filter_parameter_logging.rb": {
        "lines": [
          null,
          null,
          null,
          null,
          null,
          1,
          null,
          null
        ]
      },
      "/Users/michaelkuhlmeier/turing_work/3mod/projects/market_money/config/initializers/inflections.rb": {
        "lines": [
          null,
          null,
          null,
          null,
          null,
          null,
          null,
          null,
          null,
          null,
          null,
          null,
          null,
          null,
          null,
          null
        ]
      },
      "/Users/michaelkuhlmeier/turing_work/3mod/projects/market_money/spec/factories/market.rb": {
        "lines": [
          1,
          1,
          7,
          7,
          7,
          7,
          7,
          7,
          7,
          7,
          null,
          null
        ]
      },
      "/Users/michaelkuhlmeier/turing_work/3mod/projects/market_money/spec/factories/market_vendors.rb": {
        "lines": [
          1,
          1,
          1,
          1,
          null,
          null
        ]
      },
      "/Users/michaelkuhlmeier/turing_work/3mod/projects/market_money/spec/factories/vendor.rb": {
        "lines": [
          1,
          1,
          1,
          1,
          1,
          1,
          1,
          null,
          null
        ]
      },
      "/Users/michaelkuhlmeier/turing_work/3mod/projects/market_money/config/routes.rb": {
        "lines": [
          1,
          null,
          null,
          null,
          null,
          1,
          null,
          null,
          null,
          null,
          1,
          1,
          1,
          1,
          null,
          null,
          null,
          null,
          null
        ]
      },
      "/Users/michaelkuhlmeier/turing_work/3mod/projects/market_money/app/models/market.rb": {
        "lines": [
          1,
          1,
          1,
          null
        ]
      },
      "/Users/michaelkuhlmeier/turing_work/3mod/projects/market_money/app/models/application_record.rb": {
        "lines": [
          1,
          1,
          null
        ]
      },
      "/Users/michaelkuhlmeier/turing_work/3mod/projects/market_money/app/controllers/api/v0/markets_controller.rb": {
        "lines": [
          1,
          1,
          1,
          null,
          null,
          1,
          1,
          null,
          null
        ]
      },
      "/Users/michaelkuhlmeier/turing_work/3mod/projects/market_money/app/controllers/application_controller.rb": {
        "lines": [
          1,
          null
        ]
      },
      "/Users/michaelkuhlmeier/turing_work/3mod/projects/market_money/app/serializers/market_serializer.rb": {
        "lines": [
          1,
          1,
          1,
          null,
          null,
          null,
          null,
          null,
          null,
          null,
          null,
          1,
          null,
          1,
          3,
          null,
          null
        ]
      },
      "/Users/michaelkuhlmeier/turing_work/3mod/projects/market_money/app/models/market_vendor.rb": {
        "lines": [
          1,
          1,
          1,
          null
        ]
      },
      "/Users/michaelkuhlmeier/turing_work/3mod/projects/market_money/app/models/vendor.rb": {
        "lines": [
          1,
          1,
          1,
          null,
          null,
          null,
          null,
          null,
          null,
          null,
          null
        ]
      },
      "/Users/michaelkuhlmeier/turing_work/3mod/projects/market_money/app/serializers/vendor_serializer.rb": {
        "lines": [
          1,
          1,
          1,
          null,
          null,
          null,
          null,
          1,
          null,
          null,
          null,
          null
        ]
      }
    },
    "timestamp": 1701840132
  }
}
